<?xml version="1.0" encoding="UTF-8"?>
<!-- Generated by org.testng.reporters.JUnitXMLReporter -->
<testsuite ignored="0" hostname="Sasidhars-Air" failures="0" tests="5" name="Default test" time="102.406" errors="0" timestamp="2022-07-25T10:19:05 PDT">
  <testcase classname="com.wbqa.testcases.LoginPageTest" name="loginTest" time="0.932"/>
  <testcase classname="com.wbqa.testcases.LoginPageTest" name="loginTest" time="1.013"/>
  <testcase classname="com.wbqa.testcases.LoginPageTest" name="loginTest" time="0.728"/>
  <testcase classname="com.wbqa.testcases.LoginPageTest" name="loginTest" time="0.812"/>
  <testcase classname="com.wbqa.testcases.LoginPageTest" name="loginTest" time="0.534"/>
</testsuite> <!-- Default test -->
