<?xml version="1.0" encoding="UTF-8"?>
<!-- Generated by org.testng.reporters.JUnitXMLReporter -->
<testsuite ignored="4" hostname="Sasidhars-Air" failures="0" tests="11" name="Test" time="129.335" errors="0" timestamp="2022-07-25T10:35:35 PDT">
  <testcase classname="com.wbqa.testcases.HomePageTest" name="TestTitle" time="0.107"/>
  <testcase classname="com.wbqa.testcases.HomePageTest" name="verifyfreestudentTest" time="0.249"/>
  <testcase classname="com.wbqa.testcases.HomePageTest" name="verifywbllogoTest" time="0.259"/>
  <testcase classname="com.wbqa.testcases.HomePageTest" name="verifyloginTest" time="1.439"/>
  <testcase classname="com.wbqa.testcases.LoginPageTest" name="loginTest" time="0.619"/>
  <testcase classname="com.wbqa.testcases.LoginPageTest" name="loginTest" time="0.555"/>
  <testcase classname="com.wbqa.testcases.LoginPageTest" name="loginTest" time="0.601"/>
  <testcase classname="com.wbqa.testcases.LoginPageTest" name="loginTest" time="0.537"/>
  <testcase classname="com.wbqa.testcases.LoginPageTest" name="loginTest" time="0.584"/>
  <testcase classname="com.wbqa.testcases.LandingPageTest" name="verifyHomeBtn" time="0.137"/>
  <testcase classname="com.wbqa.testcases.LandingPageTest" name="verifySchBtn" time="0.107"/>
  <testcase classname="com.wbqa.Base.BaseClass" name="@AfterSuite afterSuite" time="0.0">
    <ignored/>
  </testcase> <!-- @AfterSuite afterSuite -->
  <testcase classname="com.wbqa.Base.BaseClass" name="@AfterSuite afterSuite" time="0.0">
    <ignored/>
  </testcase> <!-- @AfterSuite afterSuite -->
  <testcase classname="com.wbqa.Base.BaseClass" name="@BeforeSuite loadConfig" time="0.0">
    <ignored/>
  </testcase> <!-- @BeforeSuite loadConfig -->
  <testcase classname="com.wbqa.Base.BaseClass" name="@BeforeSuite loadConfig" time="0.0">
    <ignored/>
  </testcase> <!-- @BeforeSuite loadConfig -->
</testsuite> <!-- Test -->
